<?xml version="1.0" encoding="UTF-8"?>
<testng-results ignored="0" total="1" passed="0" failed="1" skipped="0">
  <reporter-output>
    <line>
      <![CDATA[About to begin executing Suite LMS-SIS enviroment]]>
    </line>
    <line>
      <![CDATA[About to begin executing Test Insistute]]>
    </line>
    <line>
      <![CDATA[About to begin executing following method : AbstractTestNGCucumberTests.setUpClass]]>
    </line>
    <line>
      <![CDATA[Completed executing following method : AbstractTestNGCucumberTests.setUpClass]]>
    </line>
    <line>
      <![CDATA[About to begin executing following method : ApplicationQuestionRunner.beforeclass]]>
    </line>
    <line>
      <![CDATA[Completed executing following method : ApplicationQuestionRunner.beforeclass]]>
    </line>
    <line>
      <![CDATA[About to begin executing following method : AbstractTestNGCucumberTests.runScenario]]>
    </line>
    <line>
      <![CDATA[Completed executing following method : AbstractTestNGCucumberTests.runScenario]]>
    </line>
    <line>
      <![CDATA[About to begin executing following method : ApplicationQuestionRunner.testDownClass]]>
    </line>
    <line>
      <![CDATA[Completed executing following method : ApplicationQuestionRunner.testDownClass]]>
    </line>
    <line>
      <![CDATA[About to begin executing following method : AbstractTestNGCucumberTests.tearDownClass]]>
    </line>
    <line>
      <![CDATA[Completed executing following method : AbstractTestNGCucumberTests.tearDownClass]]>
    </line>
  </reporter-output>
<<<<<<< HEAD
  <suite started-at="2025-01-25T19:27:25 IST" name="LMS-SIS enviroment" finished-at="2025-01-25T19:28:19 IST" duration-ms="53794">
=======
  <suite started-at="2025-01-25T19:42:27 IST" name="LMS-SIS enviroment" finished-at="2025-01-25T19:43:22 IST" duration-ms="54947">
>>>>>>> branch 'Dev' of https://github.com/PakkiraReddyQA/Automation_BDD_Framework.git
    <groups>
      <group name="cucumber">
        <method signature="AbstractTestNGCucumberTests.runScenario(io.cucumber.testng.PickleWrapper,io.cucumber.testng.FeatureWrapper)[pri:0, instance:com.cucumber.TestRunner.ApplicationQuestionRunner@69c81773]" name="runScenario" class="io.cucumber.testng.AbstractTestNGCucumberTests"/>
      </group> <!-- cucumber -->
    </groups>
<<<<<<< HEAD
    <test started-at="2025-01-25T19:27:25 IST" name="Insistute" finished-at="2025-01-25T19:28:19 IST" duration-ms="53794">
=======
    <test started-at="2025-01-25T19:42:27 IST" name="Insistute" finished-at="2025-01-25T19:43:22 IST" duration-ms="54947">
>>>>>>> branch 'Dev' of https://github.com/PakkiraReddyQA/Automation_BDD_Framework.git
      <class name="com.cucumber.TestRunner.ApplicationQuestionRunner">
<<<<<<< HEAD
        <test-method is-config="true" signature="setUpClass(org.testng.ITestContext)[pri:0, instance:com.cucumber.TestRunner.ApplicationQuestionRunner@69c81773]" started-at="2025-01-25T19:27:25 IST" name="setUpClass" finished-at="2025-01-25T19:27:26 IST" duration-ms="851" status="PASS">
=======
        <test-method is-config="true" signature="setUpClass(org.testng.ITestContext)[pri:0, instance:com.cucumber.TestRunner.ApplicationQuestionRunner@69c81773]" started-at="2025-01-25T19:42:27 IST" name="setUpClass" finished-at="2025-01-25T19:42:28 IST" duration-ms="759" status="PASS">
>>>>>>> branch 'Dev' of https://github.com/PakkiraReddyQA/Automation_BDD_Framework.git
          <params>
            <param index="0">
              <value>
<<<<<<< HEAD
                <![CDATA[org.testng.TestRunner@20960b51]]>
=======
                <![CDATA[org.testng.TestRunner@5a96f3cb]]>
>>>>>>> branch 'Dev' of https://github.com/PakkiraReddyQA/Automation_BDD_Framework.git
              </value>
            </param>
          </params>
          <reporter-output>
            <line>
              <![CDATA[Completed executing following method : AbstractTestNGCucumberTests.setUpClass]]>
            </line>
          </reporter-output>
        </test-method> <!-- setUpClass -->
<<<<<<< HEAD
        <test-method is-config="true" signature="beforeclass(java.lang.String,java.lang.String)[pri:0, instance:com.cucumber.TestRunner.ApplicationQuestionRunner@69c81773]" started-at="2025-01-25T19:27:26 IST" name="beforeclass" finished-at="2025-01-25T19:27:31 IST" duration-ms="5599" status="PASS">
=======
        <test-method is-config="true" signature="beforeclass(java.lang.String,java.lang.String)[pri:0, instance:com.cucumber.TestRunner.ApplicationQuestionRunner@69c81773]" started-at="2025-01-25T19:42:28 IST" name="beforeclass" finished-at="2025-01-25T19:42:33 IST" duration-ms="5161" status="PASS">
>>>>>>> branch 'Dev' of https://github.com/PakkiraReddyQA/Automation_BDD_Framework.git
          <params>
            <param index="0">
              <value>
                <![CDATA[chrome]]>
              </value>
            </param>
            <param index="1">
              <value>
                <![CDATA[SISExcelReport]]>
              </value>
            </param>
          </params>
          <reporter-output>
            <line>
              <![CDATA[Completed executing following method : ApplicationQuestionRunner.beforeclass]]>
            </line>
          </reporter-output>
        </test-method> <!-- beforeclass -->
<<<<<<< HEAD
        <test-method signature="runScenario(io.cucumber.testng.PickleWrapper,io.cucumber.testng.FeatureWrapper)[pri:0, instance:com.cucumber.TestRunner.ApplicationQuestionRunner@69c81773]" started-at="2025-01-25T19:27:31 IST" name="runScenario" description="Runs Cucumber Scenarios" data-provider="scenarios" finished-at="2025-01-25T19:28:16 IST" duration-ms="44287" status="FAIL">
=======
        <test-method signature="runScenario(io.cucumber.testng.PickleWrapper,io.cucumber.testng.FeatureWrapper)[pri:0, instance:com.cucumber.TestRunner.ApplicationQuestionRunner@69c81773]" started-at="2025-01-25T19:42:33 IST" name="runScenario" description="Runs Cucumber Scenarios" data-provider="scenarios" finished-at="2025-01-25T19:43:18 IST" duration-ms="45582" status="FAIL">
>>>>>>> branch 'Dev' of https://github.com/PakkiraReddyQA/Automation_BDD_Framework.git
          <params>
            <param index="0">
              <value>
                <![CDATA["Verify the Create Questions in Application Questions"]]>
              </value>
            </param>
            <param index="1">
              <value>
                <![CDATA["Administrator - Application Questions."]]>
              </value>
            </param>
          </params>
          <exception class="org.openqa.selenium.TimeoutException">
            <message>
              <![CDATA[Expected condition failed: waiting for element to be clickable: Proxy element for: DefaultElementLocator 'By.xpath: //span[text()='Create']' (tried for 20 second(s) with 1000 milliseconds interval)]]>
            </message>
            <full-stacktrace>
              <![CDATA[org.openqa.selenium.TimeoutException: Expected condition failed: waiting for element to be clickable: Proxy element for: DefaultElementLocator 'By.xpath: //span[text()='Create']' (tried for 20 second(s) with 1000 milliseconds interval)
at org.openqa.selenium.support.ui.FluentWait.timeoutException(FluentWait.java:262)
at org.openqa.selenium.support.ui.FluentWait.until(FluentWait.java:230)
at common.Wait.elementToBeClickable(Wait.java:29)
at com.cucumber.pages.CommonElements.clickCreatebutton(CommonElements.java:126)
at com.cucumber.steps.AppquestionStepDef.user_click_on_go_create_button(AppquestionStepDef.java:17)
<<<<<<< HEAD
at ✽.user click on GO & Create button.(file:///C:/Users/PakkiraReddyYatam/git/repository2/Automation_BDD_Framework/src/test/resources/features/ApplicationQuestion.feature:11)
Caused by: org.openqa.selenium.NoSuchElementException: no such element: Unable to locate element: {"method":"xpath","selector":"//span[text()='Create']"}
  (Session info: chrome=131.0.6778.265)
For documentation on this error, please visit: https://www.selenium.dev/documentation/webdriver/troubleshooting/errors#no-such-element-exception
Build info: version: '4.12.1', revision: '8e34639b11'
System info: os.name: 'Windows 10', os.arch: 'amd64', os.version: '10.0', java.version: '17.0.13'
Driver info: org.openqa.selenium.chrome.ChromeDriver
Command: [739f87d0319778d2b711a39a4e596b70, findElement {using=xpath, value=//span[text()='Create']}]
Capabilities {acceptInsecureCerts: false, browserName: chrome, browserVersion: 131.0.6778.265, chrome: {chromedriverVersion: 131.0.6778.264 (2d05e315153..., userDataDir: C:\Users\PAKKIR~1\AppData\L...}, fedcm:accounts: true, goog:chromeOptions: {debuggerAddress: localhost:53969}, networkConnectionEnabled: false, pageLoadStrategy: normal, platformName: windows, proxy: Proxy(), se:cdp: ws://localhost:53969/devtoo..., se:cdpVersion: 131.0.6778.265, setWindowRect: true, strictFileInteractability: false, timeouts: {implicit: 0, pageLoad: 300000, script: 30000}, unhandledPromptBehavior: dismiss and notify, webauthn:extension:credBlob: true, webauthn:extension:largeBlob: true, webauthn:extension:minPinLength: true, webauthn:extension:prf: true, webauthn:virtualAuthenticators: true}
Session ID: 739f87d0319778d2b711a39a4e596b70
=======
at ✽.user click on GO & Create button.(file:///C:/Users/PakkiraReddyYatam/git/Automation_BDD_Framework/Automation_BDD_Framework/src/test/resources/features/ApplicationQuestion.feature:11)
Caused by: org.openqa.selenium.NoSuchElementException: no such element: Unable to locate element: {"method":"xpath","selector":"//span[text()='Create']"}
  (Session info: chrome=131.0.6778.265)
For documentation on this error, please visit: https://www.selenium.dev/documentation/webdriver/troubleshooting/errors#no-such-element-exception
Build info: version: '4.12.1', revision: '8e34639b11'
System info: os.name: 'Windows 10', os.arch: 'amd64', os.version: '10.0', java.version: '17.0.13'
Driver info: org.openqa.selenium.chrome.ChromeDriver
Command: [e51d5ea3caadee06a8c0711aa49a169f, findElement {using=xpath, value=//span[text()='Create']}]
Capabilities {acceptInsecureCerts: false, browserName: chrome, browserVersion: 131.0.6778.265, chrome: {chromedriverVersion: 131.0.6778.264 (2d05e315153..., userDataDir: C:\Users\PAKKIR~1\AppData\L...}, fedcm:accounts: true, goog:chromeOptions: {debuggerAddress: localhost:54359}, networkConnectionEnabled: false, pageLoadStrategy: normal, platformName: windows, proxy: Proxy(), se:cdp: ws://localhost:54359/devtoo..., se:cdpVersion: 131.0.6778.265, setWindowRect: true, strictFileInteractability: false, timeouts: {implicit: 0, pageLoad: 300000, script: 30000}, unhandledPromptBehavior: dismiss and notify, webauthn:extension:credBlob: true, webauthn:extension:largeBlob: true, webauthn:extension:minPinLength: true, webauthn:extension:prf: true, webauthn:virtualAuthenticators: true}
Session ID: e51d5ea3caadee06a8c0711aa49a169f
>>>>>>> branch 'Dev' of https://github.com/PakkiraReddyQA/Automation_BDD_Framework.git
at java.base/jdk.internal.reflect.NativeConstructorAccessorImpl.newInstance0(Native Method)
at java.base/jdk.internal.reflect.NativeConstructorAccessorImpl.newInstance(NativeConstructorAccessorImpl.java:77)
at java.base/jdk.internal.reflect.DelegatingConstructorAccessorImpl.newInstance(DelegatingConstructorAccessorImpl.java:45)
at java.base/java.lang.reflect.Constructor.newInstanceWithCaller(Constructor.java:500)
at java.base/java.lang.reflect.Constructor.newInstance(Constructor.java:481)
at org.openqa.selenium.remote.codec.w3c.W3CHttpResponseCodec.createException(W3CHttpResponseCodec.java:200)
at org.openqa.selenium.remote.codec.w3c.W3CHttpResponseCodec.decode(W3CHttpResponseCodec.java:133)
at org.openqa.selenium.remote.codec.w3c.W3CHttpResponseCodec.decode(W3CHttpResponseCodec.java:52)
at org.openqa.selenium.remote.HttpCommandExecutor.execute(HttpCommandExecutor.java:191)
at org.openqa.selenium.remote.service.DriverCommandExecutor.invokeExecute(DriverCommandExecutor.java:196)
at org.openqa.selenium.remote.service.DriverCommandExecutor.execute(DriverCommandExecutor.java:171)
at org.openqa.selenium.remote.RemoteWebDriver.execute(RemoteWebDriver.java:602)
at org.openqa.selenium.remote.ElementLocation$ElementFinder$2.findElement(ElementLocation.java:165)
at org.openqa.selenium.remote.ElementLocation.findElement(ElementLocation.java:59)
at org.openqa.selenium.remote.RemoteWebDriver.findElement(RemoteWebDriver.java:359)
at org.openqa.selenium.remote.RemoteWebDriver.findElement(RemoteWebDriver.java:353)
at org.openqa.selenium.support.pagefactory.DefaultElementLocator.findElement(DefaultElementLocator.java:68)
at org.openqa.selenium.support.pagefactory.internal.LocatingElementHandler.invoke(LocatingElementHandler.java:38)
at jdk.proxy2/jdk.proxy2.$Proxy34.isDisplayed(Unknown Source)
at org.openqa.selenium.support.ui.ExpectedConditions.elementIfVisible(ExpectedConditions.java:304)
at org.openqa.selenium.support.ui.ExpectedConditions.access$000(ExpectedConditions.java:37)
at org.openqa.selenium.support.ui.ExpectedConditions$10.apply(ExpectedConditions.java:290)
at org.openqa.selenium.support.ui.ExpectedConditions$10.apply(ExpectedConditions.java:287)
at org.openqa.selenium.support.ui.ExpectedConditions$23.apply(ExpectedConditions.java:656)
at org.openqa.selenium.support.ui.ExpectedConditions$23.apply(ExpectedConditions.java:652)
at org.openqa.selenium.support.ui.FluentWait.until(FluentWait.java:205)
at common.Wait.elementToBeClickable(Wait.java:29)
at com.cucumber.pages.CommonElements.clickCreatebutton(CommonElements.java:126)
at com.cucumber.steps.AppquestionStepDef.user_click_on_go_create_button(AppquestionStepDef.java:17)
at java.base/jdk.internal.reflect.NativeMethodAccessorImpl.invoke0(Native Method)
at java.base/jdk.internal.reflect.NativeMethodAccessorImpl.invoke(NativeMethodAccessorImpl.java:77)
at java.base/jdk.internal.reflect.DelegatingMethodAccessorImpl.invoke(DelegatingMethodAccessorImpl.java:43)
at java.base/java.lang.reflect.Method.invoke(Method.java:569)
at io.cucumber.java.Invoker.doInvoke(Invoker.java:66)
at io.cucumber.java.Invoker.invoke(Invoker.java:24)
at io.cucumber.java.AbstractGlueDefinition.invokeMethod(AbstractGlueDefinition.java:47)
at io.cucumber.java.JavaStepDefinition.execute(JavaStepDefinition.java:29)
at io.cucumber.core.runner.CoreStepDefinition.execute(CoreStepDefinition.java:66)
at io.cucumber.core.runner.PickleStepDefinitionMatch.runStep(PickleStepDefinitionMatch.java:63)
at io.cucumber.core.runner.ExecutionMode$1.execute(ExecutionMode.java:10)
at io.cucumber.core.runner.TestStep.executeStep(TestStep.java:84)
at io.cucumber.core.runner.TestStep.run(TestStep.java:56)
at io.cucumber.core.runner.PickleStepTestStep.run(PickleStepTestStep.java:51)
at io.cucumber.core.runner.TestCase.run(TestCase.java:84)
at io.cucumber.core.runner.Runner.runPickle(Runner.java:75)
at io.cucumber.testng.TestNGCucumberRunner.lambda$runScenario$1(TestNGCucumberRunner.java:132)
at io.cucumber.core.runtime.CucumberExecutionContext.lambda$runTestCase$5(CucumberExecutionContext.java:137)
at io.cucumber.core.runtime.RethrowingThrowableCollector.executeAndThrow(RethrowingThrowableCollector.java:23)
at io.cucumber.core.runtime.CucumberExecutionContext.runTestCase(CucumberExecutionContext.java:137)
at io.cucumber.testng.TestNGCucumberRunner.runScenario(TestNGCucumberRunner.java:129)
at io.cucumber.testng.AbstractTestNGCucumberTests.runScenario(AbstractTestNGCucumberTests.java:35)
at java.base/jdk.internal.reflect.NativeMethodAccessorImpl.invoke0(Native Method)
at java.base/jdk.internal.reflect.NativeMethodAccessorImpl.invoke(NativeMethodAccessorImpl.java:77)
at java.base/jdk.internal.reflect.DelegatingMethodAccessorImpl.invoke(DelegatingMethodAccessorImpl.java:43)
at java.base/java.lang.reflect.Method.invoke(Method.java:569)
at org.testng.internal.MethodInvocationHelper.invokeMethod(MethodInvocationHelper.java:133)
at org.testng.internal.TestInvoker.invokeMethod(TestInvoker.java:598)
at org.testng.internal.TestInvoker.invokeTestMethod(TestInvoker.java:173)
at org.testng.internal.MethodRunner.runInSequence(MethodRunner.java:46)
at org.testng.internal.TestInvoker$MethodInvocationAgent.invoke(TestInvoker.java:824)
at org.testng.internal.TestInvoker.invokeTestMethods(TestInvoker.java:146)
at org.testng.internal.TestMethodWorker.invokeTestMethods(TestMethodWorker.java:146)
at org.testng.internal.TestMethodWorker.run(TestMethodWorker.java:128)
at java.base/java.util.ArrayList.forEach(ArrayList.java:1511)
at org.testng.TestRunner.privateRun(TestRunner.java:794)
at org.testng.TestRunner.run(TestRunner.java:596)
at org.testng.SuiteRunner.runTest(SuiteRunner.java:377)
at org.testng.SuiteRunner.runSequentially(SuiteRunner.java:371)
at org.testng.SuiteRunner.privateRun(SuiteRunner.java:332)
at org.testng.SuiteRunner.run(SuiteRunner.java:276)
at org.testng.SuiteRunnerWorker.runSuite(SuiteRunnerWorker.java:53)
at org.testng.SuiteRunnerWorker.run(SuiteRunnerWorker.java:96)
at org.testng.TestNG.runSuitesSequentially(TestNG.java:1212)
at org.testng.TestNG.runSuitesLocally(TestNG.java:1134)
at org.testng.TestNG.runSuites(TestNG.java:1063)
at org.testng.TestNG.run(TestNG.java:1031)
at org.testng.remote.AbstractRemoteTestNG.run(AbstractRemoteTestNG.java:115)
at org.testng.remote.RemoteTestNG.initAndRun(RemoteTestNG.java:293)
at org.testng.remote.RemoteTestNG.main(RemoteTestNG.java:91)
]]>
            </full-stacktrace>
          </exception> <!-- org.openqa.selenium.TimeoutException -->
          <reporter-output>
            <line>
              <![CDATA[About to begin executing following method : AbstractTestNGCucumberTests.runScenario]]>
            </line>
            <line>
              <![CDATA[Completed executing following method : AbstractTestNGCucumberTests.runScenario]]>
            </line>
          </reporter-output>
        </test-method> <!-- runScenario -->
<<<<<<< HEAD
        <test-method is-config="true" signature="testDownClass()[pri:0, instance:com.cucumber.TestRunner.ApplicationQuestionRunner@69c81773]" started-at="2025-01-25T19:28:16 IST" name="testDownClass" finished-at="2025-01-25T19:28:16 IST" duration-ms="651" status="PASS">
=======
        <test-method is-config="true" signature="testDownClass()[pri:0, instance:com.cucumber.TestRunner.ApplicationQuestionRunner@69c81773]" started-at="2025-01-25T19:43:18 IST" name="testDownClass" finished-at="2025-01-25T19:43:20 IST" duration-ms="1068" status="PASS">
>>>>>>> branch 'Dev' of https://github.com/PakkiraReddyQA/Automation_BDD_Framework.git
          <reporter-output>
            <line>
              <![CDATA[Completed executing following method : ApplicationQuestionRunner.testDownClass]]>
            </line>
          </reporter-output>
        </test-method> <!-- testDownClass -->
<<<<<<< HEAD
        <test-method is-config="true" signature="tearDownClass()[pri:0, instance:com.cucumber.TestRunner.ApplicationQuestionRunner@69c81773]" started-at="2025-01-25T19:28:16 IST" name="tearDownClass" finished-at="2025-01-25T19:28:19 IST" duration-ms="2363" status="PASS">
=======
        <test-method is-config="true" signature="tearDownClass()[pri:0, instance:com.cucumber.TestRunner.ApplicationQuestionRunner@69c81773]" started-at="2025-01-25T19:43:20 IST" name="tearDownClass" finished-at="2025-01-25T19:43:22 IST" duration-ms="2326" status="PASS">
>>>>>>> branch 'Dev' of https://github.com/PakkiraReddyQA/Automation_BDD_Framework.git
          <reporter-output>
            <line>
              <![CDATA[Completed executing following method : AbstractTestNGCucumberTests.tearDownClass]]>
            </line>
          </reporter-output>
        </test-method> <!-- tearDownClass -->
      </class> <!-- com.cucumber.TestRunner.ApplicationQuestionRunner -->
    </test> <!-- Insistute -->
  </suite> <!-- LMS-SIS enviroment -->
</testng-results>
